<?xml version="1.0" encoding="UTF-8"?>
<testng-results ignored="0" total="3" passed="3" failed="0" skipped="0">
  <reporter-output>
  </reporter-output>
  <suite started-at="2024-07-21T19:36:08 IST" name="Suite" finished-at="2024-07-21T19:36:30 IST" duration-ms="22208">
    <groups>
    </groups>
    <test started-at="2024-07-21T19:36:08 IST" name="ChromeTest" finished-at="2024-07-21T19:36:15 IST" duration-ms="7512">
      <class name="mytests.AppTest">
        <test-method is-config="true" signature="setup(java.lang.String)[pri:0, instance:mytests.AppTest@618b19ad]" started-at="2024-07-21T19:36:08 IST" name="setup" finished-at="2024-07-21T19:36:13 IST" duration-ms="5154" status="PASS">
          <params>
            <param index="0">
              <value>
                <![CDATA[chrome]]>
              </value>
            </param>
          </params>
          <reporter-output>
          </reporter-output>
        </test-method> <!-- setup -->
        <test-method signature="testGoogle()[pri:0, instance:mytests.AppTest@618b19ad]" started-at="2024-07-21T19:36:13 IST" name="testGoogle" finished-at="2024-07-21T19:36:15 IST" duration-ms="1733" status="PASS">
          <reporter-output>
          </reporter-output>
        </test-method> <!-- testGoogle -->
        <test-method is-config="true" signature="tearDown()[pri:0, instance:mytests.AppTest@618b19ad]" started-at="2024-07-21T19:36:15 IST" name="tearDown" finished-at="2024-07-21T19:36:15 IST" duration-ms="542" status="PASS">
          <reporter-output>
          </reporter-output>
        </test-method> <!-- tearDown -->
      </class> <!-- mytests.AppTest -->
    </test> <!-- ChromeTest -->
    <test started-at="2024-07-21T19:36:08 IST" name="EdgeTest" finished-at="2024-07-21T19:36:21 IST" duration-ms="13423">
      <class name="mytests.AppTest">
        <test-method is-config="true" signature="setup(java.lang.String)[pri:0, instance:mytests.AppTest@3eb738bb]" started-at="2024-07-21T19:36:08 IST" name="setup" finished-at="2024-07-21T19:36:18 IST" duration-ms="9906" status="PASS">
          <params>
            <param index="0">
              <value>
                <![CDATA[edge]]>
              </value>
            </param>
          </params>
          <reporter-output>
          </reporter-output>
        </test-method> <!-- setup -->
        <test-method signature="testGoogle()[pri:0, instance:mytests.AppTest@3eb738bb]" started-at="2024-07-21T19:36:18 IST" name="testGoogle" finished-at="2024-07-21T19:36:20 IST" duration-ms="2464" status="PASS">
          <reporter-output>
          </reporter-output>
        </test-method> <!-- testGoogle -->
        <test-method is-config="true" signature="tearDown()[pri:0, instance:mytests.AppTest@3eb738bb]" started-at="2024-07-21T19:36:20 IST" name="tearDown" finished-at="2024-07-21T19:36:21 IST" duration-ms="986" status="PASS">
          <reporter-output>
          </reporter-output>
        </test-method> <!-- tearDown -->
      </class> <!-- mytests.AppTest -->
    </test> <!-- EdgeTest -->
    <test started-at="2024-07-21T19:36:08 IST" name="FireFoxTest" finished-at="2024-07-21T19:36:30 IST" duration-ms="22205">
      <class name="mytests.AppTest">
        <test-method is-config="true" signature="setup(java.lang.String)[pri:0, instance:mytests.AppTest@f5958c9]" started-at="2024-07-21T19:36:08 IST" name="setup" finished-at="2024-07-21T19:36:26 IST" duration-ms="18112" status="PASS">
          <params>
            <param index="0">
              <value>
                <![CDATA[firefox]]>
              </value>
            </param>
          </params>
          <reporter-output>
          </reporter-output>
        </test-method> <!-- setup -->
        <test-method signature="testGoogle()[pri:0, instance:mytests.AppTest@f5958c9]" started-at="2024-07-21T19:36:26 IST" name="testGoogle" finished-at="2024-07-21T19:36:28 IST" duration-ms="2207" status="PASS">
          <reporter-output>
          </reporter-output>
        </test-method> <!-- testGoogle -->
        <test-method is-config="true" signature="tearDown()[pri:0, instance:mytests.AppTest@f5958c9]" started-at="2024-07-21T19:36:28 IST" name="tearDown" finished-at="2024-07-21T19:36:30 IST" duration-ms="1824" status="PASS">
          <reporter-output>
          </reporter-output>
        </test-method> <!-- tearDown -->
      </class> <!-- mytests.AppTest -->
    </test> <!-- FireFoxTest -->
  </suite> <!-- Suite -->
</testng-results>
